CRITICAL - 2026-04-29 06:48:49 --> ErrorException: Undefined array key "classe"
[Method: GET, Route: eleves]
in APPPATH\Views\eleves.php on line 14.
 1 APPPATH\Views\eleves.php(14): CodeIgniter\Debug\Exceptions->errorHandler(2, 'Undefined array key "classe"', 'D:\\ITU\\S4\\Systeme d\'information\\Note_Etudiants\\app\\Views\\eleves.php', 14)
 2 SYSTEMPATH\View\View.php(240): include('D:\\ITU\\S4\\Systeme d\'information\\Note_Etudiants\\app\\Views\\eleves.php')
 3 SYSTEMPATH\View\View.php(243): CodeIgniter\View\View->CodeIgniter\View\{closure}()
 4 SYSTEMPATH\Common.php(1250): CodeIgniter\View\View->render('eleves', [], true)
 5 APPPATH\Controllers\Eleve.php(11): view('eleves', [...])
 6 SYSTEMPATH\CodeIgniter.php(951): App\Controllers\Eleve->index()
 7 SYSTEMPATH\CodeIgniter.php(497): CodeIgniter\CodeIgniter->runController(Object(App\Controllers\Eleve))
 8 SYSTEMPATH\CodeIgniter.php(340): CodeIgniter\CodeIgniter->handleRequest(null, Object(Config\Cache), false)
 9 SYSTEMPATH\Boot.php(417): CodeIgniter\CodeIgniter->run()
10 SYSTEMPATH\Boot.php(68): CodeIgniter\Boot::runCodeIgniter(Object(CodeIgniter\CodeIgniter))
11 FCPATH\index.php(59): CodeIgniter\Boot::bootWeb(Object(Config\Paths))
CRITICAL - 2026-04-29 07:07:37 --> ErrorException: Undefined array key "id"
[Method: GET, Route: eleves]
in APPPATH\Views\eleves.php on line 105.
 1 APPPATH\Views\eleves.php(105): CodeIgniter\Debug\Exceptions->errorHandler(2, 'Undefined array key "id"', 'D:\\ITU\\S4\\Systeme d\'information\\Note_Etudiants\\app\\Views\\eleves.php', 105)
 2 SYSTEMPATH\View\View.php(240): include('D:\\ITU\\S4\\Systeme d\'information\\Note_Etudiants\\app\\Views\\eleves.php')
 3 SYSTEMPATH\View\View.php(243): CodeIgniter\View\View->CodeIgniter\View\{closure}()
 4 SYSTEMPATH\Common.php(1250): CodeIgniter\View\View->render('eleves', [], true)
 5 APPPATH\Controllers\Eleve.php(11): view('eleves', [...])
 6 SYSTEMPATH\CodeIgniter.php(951): App\Controllers\Eleve->index()
 7 SYSTEMPATH\CodeIgniter.php(497): CodeIgniter\CodeIgniter->runController(Object(App\Controllers\Eleve))
 8 SYSTEMPATH\CodeIgniter.php(340): CodeIgniter\CodeIgniter->handleRequest(null, Object(Config\Cache), false)
 9 SYSTEMPATH\Boot.php(417): CodeIgniter\CodeIgniter->run()
10 SYSTEMPATH\Boot.php(68): CodeIgniter\Boot::runCodeIgniter(Object(CodeIgniter\CodeIgniter))
11 FCPATH\index.php(59): CodeIgniter\Boot::bootWeb(Object(Config\Paths))
CRITICAL - 2026-04-29 07:07:38 --> ErrorException: Undefined array key "id"
[Method: GET, Route: eleves]
in APPPATH\Views\eleves.php on line 105.
 1 APPPATH\Views\eleves.php(105): CodeIgniter\Debug\Exceptions->errorHandler(2, 'Undefined array key "id"', 'D:\\ITU\\S4\\Systeme d\'information\\Note_Etudiants\\app\\Views\\eleves.php', 105)
 2 SYSTEMPATH\View\View.php(240): include('D:\\ITU\\S4\\Systeme d\'information\\Note_Etudiants\\app\\Views\\eleves.php')
 3 SYSTEMPATH\View\View.php(243): CodeIgniter\View\View->CodeIgniter\View\{closure}()
 4 SYSTEMPATH\Common.php(1250): CodeIgniter\View\View->render('eleves', [], true)
 5 APPPATH\Controllers\Eleve.php(11): view('eleves', [...])
 6 SYSTEMPATH\CodeIgniter.php(951): App\Controllers\Eleve->index()
 7 SYSTEMPATH\CodeIgniter.php(497): CodeIgniter\CodeIgniter->runController(Object(App\Controllers\Eleve))
 8 SYSTEMPATH\CodeIgniter.php(340): CodeIgniter\CodeIgniter->handleRequest(null, Object(Config\Cache), false)
 9 SYSTEMPATH\Boot.php(417): CodeIgniter\CodeIgniter->run()
10 SYSTEMPATH\Boot.php(68): CodeIgniter\Boot::runCodeIgniter(Object(CodeIgniter\CodeIgniter))
11 FCPATH\index.php(59): CodeIgniter\Boot::bootWeb(Object(Config\Paths))
CRITICAL - 2026-04-29 07:07:38 --> ErrorException: Undefined array key "id"
[Method: GET, Route: eleves]
in APPPATH\Views\eleves.php on line 105.
 1 APPPATH\Views\eleves.php(105): CodeIgniter\Debug\Exceptions->errorHandler(2, 'Undefined array key "id"', 'D:\\ITU\\S4\\Systeme d\'information\\Note_Etudiants\\app\\Views\\eleves.php', 105)
 2 SYSTEMPATH\View\View.php(240): include('D:\\ITU\\S4\\Systeme d\'information\\Note_Etudiants\\app\\Views\\eleves.php')
 3 SYSTEMPATH\View\View.php(243): CodeIgniter\View\View->CodeIgniter\View\{closure}()
 4 SYSTEMPATH\Common.php(1250): CodeIgniter\View\View->render('eleves', [], true)
 5 APPPATH\Controllers\Eleve.php(11): view('eleves', [...])
 6 SYSTEMPATH\CodeIgniter.php(951): App\Controllers\Eleve->index()
 7 SYSTEMPATH\CodeIgniter.php(497): CodeIgniter\CodeIgniter->runController(Object(App\Controllers\Eleve))
 8 SYSTEMPATH\CodeIgniter.php(340): CodeIgniter\CodeIgniter->handleRequest(null, Object(Config\Cache), false)
 9 SYSTEMPATH\Boot.php(417): CodeIgniter\CodeIgniter->run()
10 SYSTEMPATH\Boot.php(68): CodeIgniter\Boot::runCodeIgniter(Object(CodeIgniter\CodeIgniter))
11 FCPATH\index.php(59): CodeIgniter\Boot::bootWeb(Object(Config\Paths))
CRITICAL - 2026-04-29 07:15:25 --> ErrorException: Undefined array key "id"
[Method: GET, Route: eleves]
in APPPATH\Views\eleves.php on line 181.
 1 APPPATH\Views\eleves.php(181): CodeIgniter\Debug\Exceptions->errorHandler(2, 'Undefined array key "id"', 'D:\\ITU\\S4\\Systeme d\'information\\Note_Etudiants\\app\\Views\\eleves.php', 181)
 2 SYSTEMPATH\View\View.php(240): include('D:\\ITU\\S4\\Systeme d\'information\\Note_Etudiants\\app\\Views\\eleves.php')
 3 SYSTEMPATH\View\View.php(243): CodeIgniter\View\View->CodeIgniter\View\{closure}()
 4 SYSTEMPATH\Common.php(1250): CodeIgniter\View\View->render('eleves', [], true)
 5 APPPATH\Controllers\Eleve.php(14): view('eleves', [...])
 6 SYSTEMPATH\CodeIgniter.php(951): App\Controllers\Eleve->index()
 7 SYSTEMPATH\CodeIgniter.php(497): CodeIgniter\CodeIgniter->runController(Object(App\Controllers\Eleve))
 8 SYSTEMPATH\CodeIgniter.php(340): CodeIgniter\CodeIgniter->handleRequest(null, Object(Config\Cache), false)
 9 SYSTEMPATH\Boot.php(417): CodeIgniter\CodeIgniter->run()
10 SYSTEMPATH\Boot.php(68): CodeIgniter\Boot::runCodeIgniter(Object(CodeIgniter\CodeIgniter))
11 FCPATH\index.php(59): CodeIgniter\Boot::bootWeb(Object(Config\Paths))
CRITICAL - 2026-04-29 07:15:26 --> ErrorException: Undefined array key "id"
[Method: GET, Route: eleves]
in APPPATH\Views\eleves.php on line 181.
 1 APPPATH\Views\eleves.php(181): CodeIgniter\Debug\Exceptions->errorHandler(2, 'Undefined array key "id"', 'D:\\ITU\\S4\\Systeme d\'information\\Note_Etudiants\\app\\Views\\eleves.php', 181)
 2 SYSTEMPATH\View\View.php(240): include('D:\\ITU\\S4\\Systeme d\'information\\Note_Etudiants\\app\\Views\\eleves.php')
 3 SYSTEMPATH\View\View.php(243): CodeIgniter\View\View->CodeIgniter\View\{closure}()
 4 SYSTEMPATH\Common.php(1250): CodeIgniter\View\View->render('eleves', [], true)
 5 APPPATH\Controllers\Eleve.php(14): view('eleves', [...])
 6 SYSTEMPATH\CodeIgniter.php(951): App\Controllers\Eleve->index()
 7 SYSTEMPATH\CodeIgniter.php(497): CodeIgniter\CodeIgniter->runController(Object(App\Controllers\Eleve))
 8 SYSTEMPATH\CodeIgniter.php(340): CodeIgniter\CodeIgniter->handleRequest(null, Object(Config\Cache), false)
 9 SYSTEMPATH\Boot.php(417): CodeIgniter\CodeIgniter->run()
10 SYSTEMPATH\Boot.php(68): CodeIgniter\Boot::runCodeIgniter(Object(CodeIgniter\CodeIgniter))
11 FCPATH\index.php(59): CodeIgniter\Boot::bootWeb(Object(Config\Paths))
CRITICAL - 2026-04-29 07:15:26 --> ErrorException: Undefined array key "id"
[Method: GET, Route: eleves]
in APPPATH\Views\eleves.php on line 181.
 1 APPPATH\Views\eleves.php(181): CodeIgniter\Debug\Exceptions->errorHandler(2, 'Undefined array key "id"', 'D:\\ITU\\S4\\Systeme d\'information\\Note_Etudiants\\app\\Views\\eleves.php', 181)
 2 SYSTEMPATH\View\View.php(240): include('D:\\ITU\\S4\\Systeme d\'information\\Note_Etudiants\\app\\Views\\eleves.php')
 3 SYSTEMPATH\View\View.php(243): CodeIgniter\View\View->CodeIgniter\View\{closure}()
 4 SYSTEMPATH\Common.php(1250): CodeIgniter\View\View->render('eleves', [], true)
 5 APPPATH\Controllers\Eleve.php(14): view('eleves', [...])
 6 SYSTEMPATH\CodeIgniter.php(951): App\Controllers\Eleve->index()
 7 SYSTEMPATH\CodeIgniter.php(497): CodeIgniter\CodeIgniter->runController(Object(App\Controllers\Eleve))
 8 SYSTEMPATH\CodeIgniter.php(340): CodeIgniter\CodeIgniter->handleRequest(null, Object(Config\Cache), false)
 9 SYSTEMPATH\Boot.php(417): CodeIgniter\CodeIgniter->run()
10 SYSTEMPATH\Boot.php(68): CodeIgniter\Boot::runCodeIgniter(Object(CodeIgniter\CodeIgniter))
11 FCPATH\index.php(59): CodeIgniter\Boot::bootWeb(Object(Config\Paths))
CRITICAL - 2026-04-29 07:15:27 --> ErrorException: Undefined array key "id"
[Method: GET, Route: eleves]
in APPPATH\Views\eleves.php on line 181.
 1 APPPATH\Views\eleves.php(181): CodeIgniter\Debug\Exceptions->errorHandler(2, 'Undefined array key "id"', 'D:\\ITU\\S4\\Systeme d\'information\\Note_Etudiants\\app\\Views\\eleves.php', 181)
 2 SYSTEMPATH\View\View.php(240): include('D:\\ITU\\S4\\Systeme d\'information\\Note_Etudiants\\app\\Views\\eleves.php')
 3 SYSTEMPATH\View\View.php(243): CodeIgniter\View\View->CodeIgniter\View\{closure}()
 4 SYSTEMPATH\Common.php(1250): CodeIgniter\View\View->render('eleves', [], true)
 5 APPPATH\Controllers\Eleve.php(14): view('eleves', [...])
 6 SYSTEMPATH\CodeIgniter.php(951): App\Controllers\Eleve->index()
 7 SYSTEMPATH\CodeIgniter.php(497): CodeIgniter\CodeIgniter->runController(Object(App\Controllers\Eleve))
 8 SYSTEMPATH\CodeIgniter.php(340): CodeIgniter\CodeIgniter->handleRequest(null, Object(Config\Cache), false)
 9 SYSTEMPATH\Boot.php(417): CodeIgniter\CodeIgniter->run()
10 SYSTEMPATH\Boot.php(68): CodeIgniter\Boot::runCodeIgniter(Object(CodeIgniter\CodeIgniter))
11 FCPATH\index.php(59): CodeIgniter\Boot::bootWeb(Object(Config\Paths))
CRITICAL - 2026-04-29 07:15:58 --> ErrorException: Undefined array key "id"
[Method: GET, Route: eleves]
in APPPATH\Views\eleves.php on line 181.
 1 APPPATH\Views\eleves.php(181): CodeIgniter\Debug\Exceptions->errorHandler(2, 'Undefined array key "id"', 'D:\\ITU\\S4\\Systeme d\'information\\Note_Etudiants\\app\\Views\\eleves.php', 181)
 2 SYSTEMPATH\View\View.php(240): include('D:\\ITU\\S4\\Systeme d\'information\\Note_Etudiants\\app\\Views\\eleves.php')
 3 SYSTEMPATH\View\View.php(243): CodeIgniter\View\View->CodeIgniter\View\{closure}()
 4 SYSTEMPATH\Common.php(1250): CodeIgniter\View\View->render('eleves', [], true)
 5 APPPATH\Controllers\Eleve.php(14): view('eleves', [...])
 6 SYSTEMPATH\CodeIgniter.php(951): App\Controllers\Eleve->index()
 7 SYSTEMPATH\CodeIgniter.php(497): CodeIgniter\CodeIgniter->runController(Object(App\Controllers\Eleve))
 8 SYSTEMPATH\CodeIgniter.php(340): CodeIgniter\CodeIgniter->handleRequest(null, Object(Config\Cache), false)
 9 SYSTEMPATH\Boot.php(417): CodeIgniter\CodeIgniter->run()
10 SYSTEMPATH\Boot.php(68): CodeIgniter\Boot::runCodeIgniter(Object(CodeIgniter\CodeIgniter))
11 FCPATH\index.php(59): CodeIgniter\Boot::bootWeb(Object(Config\Paths))
CRITICAL - 2026-04-29 07:20:49 --> ErrorException: Undefined property: App\Controllers\Eleve::$eleveModel
[Method: GET, Route: eleves/1/form]
in APPPATH\Controllers\Eleve.php on line 23.
 1 APPPATH\Controllers\Eleve.php(23): CodeIgniter\Debug\Exceptions->errorHandler(2, 'Undefined property: App\\Controllers\\Eleve::$eleveModel', 'D:\\ITU\\S4\\Systeme d\'information\\Note_Etudiants\\app\\Controllers\\Eleve.php', 23)
 2 SYSTEMPATH\CodeIgniter.php(951): App\Controllers\Eleve->edit('1')
 3 SYSTEMPATH\CodeIgniter.php(497): CodeIgniter\CodeIgniter->runController(Object(App\Controllers\Eleve))
 4 SYSTEMPATH\CodeIgniter.php(340): CodeIgniter\CodeIgniter->handleRequest(null, Object(Config\Cache), false)
 5 SYSTEMPATH\Boot.php(417): CodeIgniter\CodeIgniter->run()
 6 SYSTEMPATH\Boot.php(68): CodeIgniter\Boot::runCodeIgniter(Object(CodeIgniter\CodeIgniter))
 7 FCPATH\index.php(59): CodeIgniter\Boot::bootWeb(Object(Config\Paths))
CRITICAL - 2026-04-29 07:39:09 --> ErrorException: Undefined property: App\Controllers\Eleve::$eleveModel
[Method: GET, Route: eleves/1/form]
in APPPATH\Controllers\Eleve.php on line 23.
 1 APPPATH\Controllers\Eleve.php(23): CodeIgniter\Debug\Exceptions->errorHandler(2, 'Undefined property: App\\Controllers\\Eleve::$eleveModel', 'D:\\ITU\\S4\\Systeme d\'information\\Note_Etudiants\\app\\Controllers\\Eleve.php', 23)
 2 SYSTEMPATH\CodeIgniter.php(951): App\Controllers\Eleve->edit('1')
 3 SYSTEMPATH\CodeIgniter.php(497): CodeIgniter\CodeIgniter->runController(Object(App\Controllers\Eleve))
 4 SYSTEMPATH\CodeIgniter.php(340): CodeIgniter\CodeIgniter->handleRequest(null, Object(Config\Cache), false)
 5 SYSTEMPATH\Boot.php(417): CodeIgniter\CodeIgniter->run()
 6 SYSTEMPATH\Boot.php(68): CodeIgniter\Boot::runCodeIgniter(Object(CodeIgniter\CodeIgniter))
 7 FCPATH\index.php(59): CodeIgniter\Boot::bootWeb(Object(Config\Paths))
